[32m.[0m[32m.[0m[32m.[0m[32m.[0m[32m.[0m[32m.[0m[32m.[0m[32m.[0m[32m.[0m[32m.[0m[32m.[0m[32m.[0m[32m.[0m[32m.[0m[32m.[0m[32m.[0m[32m.[0m[32m.[0m[32m.[0m[32m.[0m[32m.[0m[32m.[0m[32m.[0m[32m.[0m[32m.[0m[32m.[0m[32m.[0m[32m.[0m[32m.[0m[32m.[0m[32m.[0m[32m.[0m[32m.[0m[32m.[0m[32m.[0m[32m.[0m[32m.[0m[32m.[0m[32m.[0m[32m.[0m[32m.[0m[32m.[0m[32m.[0m[32m.[0m[32m.[0m[32m.[0m[32m.[0m[32m.[0m[32m.[0m[32m.[0m[32m.[0m[32m.[0m[32m.[0m[32m.[0m[32m.[0m[32m.[0m[32m.[0m[32m.[0m[32m.[0m[32m.[0m[32m.[0m[32m.[0m[32m.[0m[32m.[0m[32m.[0m[32m.[0m[32m.[0m[32m.[0m[32m.[0m[32m.[0m[32m.[0m[32m.[0m[32m [ 51%]
[0m[32m.[0m[32m.[0m[32m.[0m[32m.[0m[32m.[0m[32m.[0m[32m.[0m[32m.[0m[32m.[0m[32m.[0m[32m.[0m[32m.[0m[32m.[0m[32m.[0m[32m.[0m[32m.[0m[32m.[0m[32m.[0m[32m.[0m[32m.[0m[32m.[0m[32m.[0m[32m.[0m[32m.[0m[32m.[0m[32m.[0m[32m.[0m[32m.[0m[32m.[0m[32m.[0m[32m.[0m[32m.[0m[32m.[0m[32m.[0m[32m.[0m[32m.[0m[32m.[0m[32m.[0m[32m.[0m[32m.[0m[32m.[0m[32m.[0m[32m.[0m[32m.[0m[32m.[0m[32m.[0m[32m.[0m[32m.[0m[32m.[0m[32m.[0m[32m.[0m[32m.[0m[32m.[0m[32m.[0m[32m.[0m[32m.[0m[32m.[0m[32m.[0m[32m.[0m[32m.[0m[32m.[0m[32m.[0m[32m.[0m[32m.[0m[32m.[0m[32m.[0m[32m.[0m[32m.[0m[32m.[0m[32m    [100%][0m
================================ tests coverage ================================
_______________ coverage: platform linux, python 3.12.3-final-0 ________________

Name                                              Stmts   Miss Branch BrPart  Cover   Missing
---------------------------------------------------------------------------------------------
src/echo_certification_forge/__init__.py              3      0      0      0   100%
src/echo_certification_forge/__main__.py              2      2      0      0     0%   1-3
src/echo_certification_forge/anchor.py              259     26     70     21    86%   65, 71, 100, 154, 187, 207, 209->215, 257, 265, 275, 284, 287, 310, 313, 316, 330->329, 345, 353-355, 368-369, 371, 375, 386, 403, 406-407
src/echo_certification_forge/app.py                  13     13      0      0     0%   2-18
src/echo_certification_forge/canonical.py            44      2     12      2    93%   46, 64
src/echo_certification_forge/cli.py                  38      5      4      2    83%   48-57, 61
src/echo_certification_forge/custody.py             395     59    118     36    79%   98, 100, 102, 124, 127-128, 130, 132, 137, 339-345, 382, 390, 393, 402-404, 446, 454, 457, 463, 475, 518, 521, 531-533, 547, 550, 577, 659-662, 687, 694, 710, 712, 764-767, 822, 824, 832-833, 869, 887, 891, 897-901, 903, 912, 970
src/echo_certification_forge/deploy_gate.py          46      6     24      6    83%   30, 39, 44, 46, 61, 63
src/echo_certification_forge/evidence.py            213     22     52     13    87%   244-248, 262, 269, 289, 310, 356-359, 365, 371, 378, 380, 422, 470, 472, 495-496, 517, 547
src/echo_certification_forge/hostile.py             188     17     76     18    87%   77, 79, 97, 120, 133, 143, 147, 151, 161, 169, 171->176, 173, 223-224, 226, 241, 244->246, 249-250, 253->258, 260->221
src/echo_certification_forge/models.py              144      1      8      3    97%   82, 84->86, 86->exit
src/echo_certification_forge/p3_runtime.py           26      0      6      0   100%
src/echo_certification_forge/p3_service.py          130     31     18      5    72%   64, 66, 71-75, 87-88, 109-110, 116-117, 123-124, 132-137, 145, 159, 190-193, 201-202, 208-209
src/echo_certification_forge/p4_manifest.py         217     32     88     32    79%   102, 110, 112, 114, 116, 118, 139, 141, 145, 151, 153, 155, 157, 163->165, 171, 192, 194, 198, 227, 229, 243, 245, 247, 252, 256, 259, 261, 263, 267, 269, 272, 284, 322
src/echo_certification_forge/policy.py               44      2     10      2    93%   38, 60
src/echo_certification_forge/runner.py              683     50    210     42    89%   175, 178, 180, 186, 190, 230, 294, 338, 372, 446, 583-589, 639, 663-664, 703, 736, 748, 750, 781, 792, 796, 800, 842, 854, 856, 858, 904, 911, 913, 919, 947-948, 1114, 1127, 1218->1217, 1243, 1246-1247, 1276-1277, 1293-1294, 1296, 1299, 1302, 1315->exit, 1343, 1368->exit, 1370, 1373-1374, 1375->1368
src/echo_certification_forge/service.py              73      5      4      0    94%   42, 69-70, 101-102
src/echo_certification_forge/signer_cli.py           51      2      4      2    93%   44, 100
src/echo_certification_forge/signing.py              67      4     14      5    89%   29, 49, 71->74, 79, 97
src/echo_certification_forge/signing_service.py     481     50    134     42    84%   81, 125, 129, 156, 159, 231, 245, 251-252, 255, 259, 302, 304, 307, 370, 372, 375, 379, 484-486, 499, 507-509, 528, 530, 533, 538, 557, 560, 659, 671, 730, 736, 738, 755, 793, 795, 798, 806, 824, 828, 833-834, 836, 838, 840, 851, 859
src/echo_certification_forge/state_machine.py         6      0      2      0   100%
src/echo_certification_forge/supply_chain.py        306     30    122     26    87%   61, 63, 65, 69, 74, 92, 95, 125, 161, 163, 165, 195, 199, 202, 211, 234, 292, 312, 339-340, 345, 379, 409, 415, 418, 423, 441, 444, 447-448, 449->437
src/echo_certification_forge/verdict.py              61     12     34      9    76%   29, 36, 38, 40, 42, 55, 58-61, 63, 74-75
src/echo_certification_forge/verifier_cli.py         30      1      4      1    94%   50
---------------------------------------------------------------------------------------------
TOTAL                                              3520    372   1014    267    85%
[32mRequired test coverage of 85.0% reached. Total coverage: 85.33%
[0m[32m[32m[1m141 passed[0m[32m in 41.08s[0m[0m
