.......................                                                  [100%]
============================== warnings summary ===============================
.venv\Lib\site-packages\fastapi\testclient.py:1
  C:\ECHO_OMEGA_PRIME\echo-certification-forge\.venv\Lib\site-packages\fastapi\testclient.py:1: StarletteDeprecationWarning: Using `httpx` with `starlette.testclient` is deprecated; install `httpx2` instead.
    from starlette.testclient import TestClient as TestClient  # noqa

-- Docs: https://docs.pytest.org/en/stable/how-to/capture-warnings.html
=============================== tests coverage ================================
______________ coverage: platform win32, python 3.13.13-final-0 _______________

Name                                            Stmts   Miss Branch BrPart  Cover   Missing
-------------------------------------------------------------------------------------------
src\echo_certification_forge\__init__.py            3      0      0      0   100%
src\echo_certification_forge\__main__.py            2      2      0      0     0%   1-3
src\echo_certification_forge\app.py                13     13      0      0     0%   2-18
src\echo_certification_forge\canonical.py          44      2     12      2    93%   46, 64
src\echo_certification_forge\cli.py                38      5      4      2    83%   48-57, 61
src\echo_certification_forge\deploy_gate.py        46      6     24      6    83%   30, 39, 44, 46, 61, 63
src\echo_certification_forge\evidence.py          213     22     52     13    87%   244-248, 262, 269, 289, 310, 356-359, 365, 371, 378, 380, 422, 470, 472, 495-496, 517, 547
src\echo_certification_forge\models.py            144      1      8      3    97%   82, 84->86, 86->exit
src\echo_certification_forge\policy.py             44      2     10      2    93%   38, 60
src\echo_certification_forge\service.py            73      5      4      0    94%   42, 64-65, 96-97
src\echo_certification_forge\signing.py            67      4     14      5    89%   29, 49, 71->74, 79, 97
src\echo_certification_forge\state_machine.py       6      0      2      0   100%
src\echo_certification_forge\verdict.py            61     12     34      9    76%   29, 36, 38, 40, 42, 55, 58-61, 63, 74-75
-------------------------------------------------------------------------------------------
TOTAL                                             754     74    164     42    87%
Required test coverage of 85.0% reached. Total coverage: 87.15%
23 passed, 1 warning in 4.88s
